<?xml version="1.0" encoding="UTF-8"?>
<!-- Generated by org.testng.reporters.JUnitReportReporter -->
<testsuite hostname="LAPTOP-PCCUKN8F" failures="0" tests="9" name="com.automation.tests.TestScripts" time="307.427" errors="1" timestamp="2024-05-29T13:37:11 CDT" skipped="8">
  <testcase classname="com.automation.tests.TestScripts" name="validateWebView_08" time="307.427">
    <error message="An unknown server-side error occurred while processing the command. Original error: An unknown server-side error occurred while processing the command. Original error: Could not proxy command to the remote server. Original error: timeout of 240000ms exceeded
Build info: version: &#039;4.13.0&#039;, revision: &#039;ba948ece5b*&#039;
System info: os.name: &#039;Windows 11&#039;, os.arch: &#039;amd64&#039;, os.version: &#039;10.0&#039;, java.version: &#039;17.0.6&#039;
Driver info: io.appium.java_client.android.AndroidDriver
Command: [fd7e18da-dc65-4429-8f09-eb91bd9320a7, switchToContext {name=WEBVIEW_chrome}]
Capabilities {appium:app: C:\Users\jandh\Downloads\an..., appium:appActivity: com.wdiodemoapp.MainActivity, appium:appPackage: com.wdiodemoapp, appium:automationName: UIAutomator2, appium:databaseEnabled: false, appium:desired: {app: C:\Users\jandh\Downloads\an..., appActivity: com.wdiodemoapp.MainActivity, appPackage: com.wdiodemoapp, automationName: UIAutomator2, deviceName: emulator-5554, hideKeyboard: true, noReset: false, platformName: ANDROID, platformVersion: 12}, appium:deviceApiLevel: 31, appium:deviceManufacturer: Google, appium:deviceModel: sdk_gphone64_x86_64, appium:deviceName: emulator-5554, appium:deviceScreenDensity: 560, appium:deviceScreenSize: 1440x3120, appium:deviceUDID: emulator-5554, appium:hideKeyboard: true, appium:javascriptEnabled: true, appium:locationContextEnabled: false, appium:networkConnectionEnabled: true, appium:noReset: false, appium:pixelRatio: 3.5, appium:platformVersion: 12, appium:statBarHeight: 136, appium:takesScreenshot: true, appium:viewportRect: {height: 2984, left: 0, top: 136, width: 1440}, appium:warnings: {}, appium:webStorageEnabled: false, platformName: ANDROID}
Session ID: fd7e18da-dc65-4429-8f09-eb91bd9320a7" type="io.appium.java_client.NoSuchContextException">
      <![CDATA[io.appium.java_client.NoSuchContextException: An unknown server-side error occurred while processing the command. Original error: An unknown server-side error occurred while processing the command. Original error: Could not proxy command to the remote server. Original error: timeout of 240000ms exceeded
Build info: version: '4.13.0', revision: 'ba948ece5b*'
System info: os.name: 'Windows 11', os.arch: 'amd64', os.version: '10.0', java.version: '17.0.6'
Driver info: io.appium.java_client.android.AndroidDriver
Command: [fd7e18da-dc65-4429-8f09-eb91bd9320a7, switchToContext {name=WEBVIEW_chrome}]
Capabilities {appium:app: C:\Users\jandh\Downloads\an..., appium:appActivity: com.wdiodemoapp.MainActivity, appium:appPackage: com.wdiodemoapp, appium:automationName: UIAutomator2, appium:databaseEnabled: false, appium:desired: {app: C:\Users\jandh\Downloads\an..., appActivity: com.wdiodemoapp.MainActivity, appPackage: com.wdiodemoapp, automationName: UIAutomator2, deviceName: emulator-5554, hideKeyboard: true, noReset: false, platformName: ANDROID, platformVersion: 12}, appium:deviceApiLevel: 31, appium:deviceManufacturer: Google, appium:deviceModel: sdk_gphone64_x86_64, appium:deviceName: emulator-5554, appium:deviceScreenDensity: 560, appium:deviceScreenSize: 1440x3120, appium:deviceUDID: emulator-5554, appium:hideKeyboard: true, appium:javascriptEnabled: true, appium:locationContextEnabled: false, appium:networkConnectionEnabled: true, appium:noReset: false, appium:pixelRatio: 3.5, appium:platformVersion: 12, appium:statBarHeight: 136, appium:takesScreenshot: true, appium:viewportRect: {height: 2984, left: 0, top: 136, width: 1440}, appium:warnings: {}, appium:webStorageEnabled: false, platformName: ANDROID}
Session ID: fd7e18da-dc65-4429-8f09-eb91bd9320a7
at io.appium.java_client.remote.SupportsContextSwitching.context(SupportsContextSwitching.java:48)
at com.automation.pages.WebViewPage.switchToGitHubAndGetTittle(WebViewPage.java:79)
at com.automation.tests.TestScripts.validateWebView_08(TestScripts.java:181)
at java.base/jdk.internal.reflect.NativeMethodAccessorImpl.invoke0(Native Method)
at java.base/jdk.internal.reflect.NativeMethodAccessorImpl.invoke(NativeMethodAccessorImpl.java:77)
at java.base/jdk.internal.reflect.DelegatingMethodAccessorImpl.invoke(DelegatingMethodAccessorImpl.java:43)
at java.base/java.lang.reflect.Method.invoke(Method.java:568)
at org.testng.internal.invokers.MethodInvocationHelper.invokeMethod(MethodInvocationHelper.java:139)
at org.testng.internal.invokers.TestInvoker.invokeMethod(TestInvoker.java:664)
at org.testng.internal.invokers.TestInvoker.invokeTestMethod(TestInvoker.java:227)
at org.testng.internal.invokers.MethodRunner.runInSequence(MethodRunner.java:50)
at org.testng.internal.invokers.TestInvoker$MethodInvocationAgent.invoke(TestInvoker.java:957)
at org.testng.internal.invokers.TestInvoker.invokeTestMethods(TestInvoker.java:200)
at org.testng.internal.invokers.TestMethodWorker.invokeTestMethods(TestMethodWorker.java:148)
at org.testng.internal.invokers.TestMethodWorker.run(TestMethodWorker.java:128)
at java.base/java.util.ArrayList.forEach(ArrayList.java:1511)
at org.testng.TestRunner.privateRun(TestRunner.java:848)
at org.testng.TestRunner.run(TestRunner.java:621)
at org.testng.SuiteRunner.runTest(SuiteRunner.java:443)
at org.testng.SuiteRunner.runSequentially(SuiteRunner.java:437)
at org.testng.SuiteRunner.privateRun(SuiteRunner.java:397)
at org.testng.SuiteRunner.run(SuiteRunner.java:336)
at org.testng.SuiteRunnerWorker.runSuite(SuiteRunnerWorker.java:52)
at org.testng.SuiteRunnerWorker.run(SuiteRunnerWorker.java:95)
at org.testng.TestNG.runSuitesSequentially(TestNG.java:1280)
at org.testng.TestNG.runSuitesLocally(TestNG.java:1200)
at org.testng.TestNG.runSuites(TestNG.java:1114)
at org.testng.TestNG.run(TestNG.java:1082)
at org.testng.remote.AbstractRemoteTestNG.run(AbstractRemoteTestNG.java:115)
at org.testng.remote.RemoteTestNG.initAndRun(RemoteTestNG.java:251)
at org.testng.remote.RemoteTestNG.main(RemoteTestNG.java:77)
Caused by: org.openqa.selenium.WebDriverException: An unknown server-side error occurred while processing the command. Original error: An unknown server-side error occurred while processing the command. Original error: Could not proxy command to the remote server. Original error: timeout of 240000ms exceeded
Build info: version: '4.13.0', revision: 'ba948ece5b*'
System info: os.name: 'Windows 11', os.arch: 'amd64', os.version: '10.0', java.version: '17.0.6'
Driver info: io.appium.java_client.android.AndroidDriver
Command: [fd7e18da-dc65-4429-8f09-eb91bd9320a7, switchToContext {name=WEBVIEW_chrome}]
Capabilities {appium:app: C:\Users\jandh\Downloads\an..., appium:appActivity: com.wdiodemoapp.MainActivity, appium:appPackage: com.wdiodemoapp, appium:automationName: UIAutomator2, appium:databaseEnabled: false, appium:desired: {app: C:\Users\jandh\Downloads\an..., appActivity: com.wdiodemoapp.MainActivity, appPackage: com.wdiodemoapp, automationName: UIAutomator2, deviceName: emulator-5554, hideKeyboard: true, noReset: false, platformName: ANDROID, platformVersion: 12}, appium:deviceApiLevel: 31, appium:deviceManufacturer: Google, appium:deviceModel: sdk_gphone64_x86_64, appium:deviceName: emulator-5554, appium:deviceScreenDensity: 560, appium:deviceScreenSize: 1440x3120, appium:deviceUDID: emulator-5554, appium:hideKeyboard: true, appium:javascriptEnabled: true, appium:locationContextEnabled: false, appium:networkConnectionEnabled: true, appium:noReset: false, appium:pixelRatio: 3.5, appium:platformVersion: 12, appium:statBarHeight: 136, appium:takesScreenshot: true, appium:viewportRect: {height: 2984, left: 0, top: 136, width: 1440}, appium:warnings: {}, appium:webStorageEnabled: false, platformName: ANDROID}
Session ID: fd7e18da-dc65-4429-8f09-eb91bd9320a7
at java.base/jdk.internal.reflect.NativeConstructorAccessorImpl.newInstance0(Native Method)
at java.base/jdk.internal.reflect.NativeConstructorAccessorImpl.newInstance(NativeConstructorAccessorImpl.java:77)
at java.base/jdk.internal.reflect.DelegatingConstructorAccessorImpl.newInstance(DelegatingConstructorAccessorImpl.java:45)
at java.base/java.lang.reflect.Constructor.newInstanceWithCaller(Constructor.java:499)
at java.base/java.lang.reflect.Constructor.newInstance(Constructor.java:480)
at org.openqa.selenium.remote.codec.w3c.W3CHttpResponseCodec.createException(W3CHttpResponseCodec.java:200)
at org.openqa.selenium.remote.codec.w3c.W3CHttpResponseCodec.decode(W3CHttpResponseCodec.java:133)
at org.openqa.selenium.remote.codec.w3c.W3CHttpResponseCodec.decode(W3CHttpResponseCodec.java:52)
at org.openqa.selenium.remote.HttpCommandExecutor.execute(HttpCommandExecutor.java:191)
at io.appium.java_client.remote.AppiumCommandExecutor.execute(AppiumCommandExecutor.java:250)
at org.openqa.selenium.remote.RemoteWebDriver.execute(RemoteWebDriver.java:602)
at org.openqa.selenium.remote.RemoteWebDriver.execute(RemoteWebDriver.java:675)
at io.appium.java_client.AppiumDriver.execute(AppiumDriver.java:308)
at io.appium.java_client.remote.SupportsContextSwitching.context(SupportsContextSwitching.java:45)
... 30 more
]]>
    </error>
  </testcase> <!-- validateWebView_08 -->
  <testcase classname="com.automation.tests.TestScripts" name="validate_Solondriod_doubleTap_withGestures_10">
    <skipped/>
  </testcase> <!-- validate_Solondriod_doubleTap_withGestures_10 -->
  <testcase classname="com.automation.tests.TestScripts" name="validateSwitchApp_withGestures_09">
    <skipped/>
  </testcase> <!-- validateSwitchApp_withGestures_09 -->
  <testcase classname="com.automation.tests.TestScripts" name="validateScrollUntillElement_withGestures_06">
    <skipped/>
  </testcase> <!-- validateScrollUntillElement_withGestures_06 -->
  <testcase classname="com.automation.tests.TestScripts" name="validateLoginInValidPassword_02">
    <skipped/>
  </testcase> <!-- validateLoginInValidPassword_02 -->
  <testcase classname="com.automation.tests.TestScripts" name="validateDragAndDrop_withGestures_07">
    <skipped/>
  </testcase> <!-- validateDragAndDrop_withGestures_07 -->
  <testcase classname="com.automation.tests.TestScripts" name="validate_Solondriod_zoom_FingureGesture_11">
    <skipped/>
  </testcase> <!-- validate_Solondriod_zoom_FingureGesture_11 -->
  <testcase classname="com.automation.tests.TestScripts" name="validateLoginSucess_03">
    <skipped/>
  </testcase> <!-- validateLoginSucess_03 -->
  <testcase classname="com.automation.tests.TestScripts" name="validateSwipe_withGestures_05">
    <skipped/>
  </testcase> <!-- validateSwipe_withGestures_05 -->
</testsuite> <!-- com.automation.tests.TestScripts -->
